Registering haskell-src-exts-1.19.1...
ktop\Stuff\porf\hello-haskell\.cabal-sandbox\x86_64-windows-ghc-8.0.2\haskell-src-exts-1.19.1-HaN23d3kAF7CJCxdusNFUi
l\Exts\Syntax.hs, dist\dist-sandbox-bef4fbc5\build\Language\Haskell\Exts\Syntax.o )
[ 2 of 17] Compiling Language.Haskell.Exts.SrcLoc ( src\Language\Haskell\Exts\SrcLoc.hs, dist\dist-sandbox-bef4fbc5\build\Language\Haskell\Exts\SrcLoc.o )
[ 3 of 17] Compiling Language.Haskell.Exts.ParseSyntax ( src\Language\Haskell\Exts\ParseSyntax.hs, dist\dist-sandbox-bef4fbc5\build\Language\Haskell\Exts\ParseSyntax.o )
[ 4 of 17] Compiling Language.Haskell.Exts.Pretty ( src\Language\Haskell\Exts\Pretty.hs, dist\dist-sandbox-bef4fbc5\build\Language\Haskell\Exts\Pretty.o )
[ 5 of 17] Compiling Language.Haskell.Exts.Fixity ( src\Language\Haskell\Exts\Fixity.hs, dist\dist-sandbox-bef4fbc5\build\Language\Haskell\Exts\Fixity.o )
[ 6 of 17] Compiling Language.Haskell.Exts.Extension ( src\Language\Haskell\Exts\Extension.hs, dist\dist-sandbox-bef4fbc5\build\Language\Haskell\Exts\Extension.o )
[ 7 of 17] Compiling Language.Haskell.Exts.ExtScheme ( src\Language\Haskell\Exts\ExtScheme.hs, dist\dist-sandbox-bef4fbc5\build\Language\Haskell\Exts\ExtScheme.o )
[ 8 of 17] Compiling Language.Haskell.Exts.Comments ( src\Language\Haskell\Exts\Comments.hs, dist\dist-sandbox-bef4fbc5\build\Language\Haskell\Exts\Comments.o )
[ 9 of 17] Compiling Language.Haskell.Exts.ExactPrint ( src\Language\Haskell\Exts\ExactPrint.hs, dist\dist-sandbox-bef4fbc5\build\Language\Haskell\Exts\ExactPrint.o )
[10 of 17] Compiling Language.Haskell.Exts.ParseMonad ( src\Language\Haskell\Exts\ParseMonad.hs, dist\dist-sandbox-bef4fbc5\build\Language\Haskell\Exts\ParseMonad.o )
[11 of 17] Compiling Language.Haskell.Exts.InternalLexer ( src\Language\Haskell\Exts\InternalLexer.hs, dist\dist-sandbox-bef4fbc5\build\Language\Haskell\Exts\InternalLexer.o )
[12 of 17] Compiling Language.Haskell.Exts.Lexer ( src\Language\Haskell\Exts\Lexer.hs, dist\dist-sandbox-bef4fbc5\build\Language\Haskell\Exts\Lexer.o )
[13 of 17] Compiling Language.Haskell.Exts.ParseUtils ( src\Language\Haskell\Exts\ParseUtils.hs, dist\dist-sandbox-bef4fbc5\build\Language\Haskell\Exts\ParseUtils.o )
[14 of 17] Compiling Language.Haskell.Exts.InternalParser ( dist\dist-sandbox-bef4fbc5\build\Language\Haskell\Exts\InternalParser.hs, dist\dist-sandbox-bef4fbc5\build\Language\Haskell\Exts\InternalParser.o )
[15 of 17] Compiling Language.Haskell.Exts.Parser ( src\Language\Haskell\Exts\Parser.hs, dist\dist-sandbox-bef4fbc5\build\Language\Haskell\Exts\Parser.o )
[16 of 17] Compiling Language.Haskell.Exts.Build ( src\Language\Haskell\Exts\Build.hs, dist\dist-sandbox-bef4fbc5\build\Language\Haskell\Exts\Build.o )
[17 of 17] Compiling Language.Haskell.Exts ( src\Language\Haskell\Exts.hs, dist\dist-sandbox-bef4fbc5\build\Language\Haskell\Exts.o )
cabal: Leaving directory 'C:\Users\Matt\AppData\Local\Temp\cabal-tmp-3468\haskell-src-exts-1.19.1'
