Registering uniplate-1.6.12...
Matt\Desktop\Stuff\porf\hello-haskell\.cabal-sandbox\x86_64-windows-ghc-8.0.2\uniplate-1.6.12-CwpAX7XivCdJvem8Vy8Qqw
late\Internal\Utils.hs, dist\dist-sandbox-bef4fbc5\build\Data\Generics\Uniplate\Internal\Utils.o )
[ 2 of 21] Compiling Data.Generics.Uniplate.Data.Instances ( Data\Generics\Uniplate\Data\Instances.hs, dist\dist-sandbox-bef4fbc5\build\Data\Generics\Uniplate\Data\Instances.o )
[ 3 of 21] Compiling Data.Generics.Uniplate ( Data\Generics\Uniplate.hs, dist\dist-sandbox-bef4fbc5\build\Data\Generics\Uniplate.o )
[ 4 of 21] Compiling Data.Generics.UniplateOn ( Data\Generics\UniplateOn.hs, dist\dist-sandbox-bef4fbc5\build\Data\Generics\UniplateOn.o )
[ 5 of 21] Compiling Data.Generics.Str ( Data\Generics\Str.hs, dist\dist-sandbox-bef4fbc5\build\Data\Generics\Str.o )
[ 6 of 21] Compiling Data.Generics.Uniplate.Internal.Data ( Data\Generics\Uniplate\Internal\Data.hs, dist\dist-sandbox-bef4fbc5\build\Data\Generics\Uniplate\Internal\Data.o )
[ 7 of 21] Compiling Data.Generics.Uniplate.Internal.DataOnlyOperations ( Data\Generics\Uniplate\Internal\DataOnlyOperations.hs, dist\dist-sandbox-bef4fbc5\build\Data\Generics\Uniplate\Internal\DataOnlyOperations.o )
[ 8 of 21] Compiling Data.Generics.Uniplate.DataOnly ( Data\Generics\Uniplate\DataOnly.hs, dist\dist-sandbox-bef4fbc5\build\Data\Generics\Uniplate\DataOnly.o )
[ 9 of 21] Compiling Data.Generics.Uniplate.Operations ( Data\Generics\Uniplate\Operations.hs, dist\dist-sandbox-bef4fbc5\build\Data\Generics\Uniplate\Operations.o )
[10 of 21] Compiling Data.Generics.Uniplate.Data ( Data\Generics\Uniplate\Data.hs, dist\dist-sandbox-bef4fbc5\build\Data\Generics\Uniplate\Data.o )
[11 of 21] Compiling Data.Generics.Uniplate.Direct ( Data\Generics\Uniplate\Direct.hs, dist\dist-sandbox-bef4fbc5\build\Data\Generics\Uniplate\Direct.o )
[12 of 21] Compiling Data.Generics.Uniplate.Typeable ( Data\Generics\Uniplate\Typeable.hs, dist\dist-sandbox-bef4fbc5\build\Data\Generics\Uniplate\Typeable.o )
[13 of 21] Compiling Data.Generics.Uniplate.Zipper ( Data\Generics\Uniplate\Zipper.hs, dist\dist-sandbox-bef4fbc5\build\Data\Generics\Uniplate\Zipper.o )
[14 of 21] Compiling Data.Generics.UniplateStr ( Data\Generics\UniplateStr.hs, dist\dist-sandbox-bef4fbc5\build\Data\Generics\UniplateStr.o )
[15 of 21] Compiling Data.Generics.UniplateStrOn ( Data\Generics\UniplateStrOn.hs, dist\dist-sandbox-bef4fbc5\build\Data\Generics\UniplateStrOn.o )
[16 of 21] Compiling Data.Generics.SYB ( Data\Generics\SYB.hs, dist\dist-sandbox-bef4fbc5\build\Data\Generics\SYB.o )
[17 of 21] Compiling Data.Generics.Compos ( Data\Generics\Compos.hs, dist\dist-sandbox-bef4fbc5\build\Data\Generics\Compos.o )
[18 of 21] Compiling Data.Generics.Biplate ( Data\Generics\Biplate.hs, dist\dist-sandbox-bef4fbc5\build\Data\Generics\Biplate.o )
[19 of 21] Compiling Data.Generics.PlateData ( Data\Generics\PlateData.hs, dist\dist-sandbox-bef4fbc5\build\Data\Generics\PlateData.o )
[20 of 21] Compiling Data.Generics.PlateDirect ( Data\Generics\PlateDirect.hs, dist\dist-sandbox-bef4fbc5\build\Data\Generics\PlateDirect.o )
[21 of 21] Compiling Data.Generics.PlateTypeable ( Data\Generics\PlateTypeable.hs, dist\dist-sandbox-bef4fbc5\build\Data\Generics\PlateTypeable.o )
cabal: Leaving directory 'C:\Users\Matt\AppData\Local\Temp\cabal-tmp-3469\uniplate-1.6.12'
